Unity Editor version:    2020.3.17f1 (a4537701e4ab)
Branch:                  2020.3/staging
Build type:              Release
Batch mode:              YES
macOS version:           Version 11.5.1 (Build 20G80)
Darwin version:          20.6.0
Architecture:            x86_64
Running under Rosetta:   NO
Available memory:        8192 MB
Using pre-set license
Pro License: NO

COMMAND LINE ARGUMENTS:
/Applications/Unity/Hub/Editor/2020.3.17f1/Unity.app/Contents/MacOS/Unity
-adb2
-batchMode
-noUpm
-name
AssetImportWorker0
-projectPath
/Users/cai/Desktop/2021 Fall/Comp23 Game Design/Audition-
-logFile
Logs/AssetImportWorker0.log
-srvPort
56121
Successfully changed project path to: /Users/cai/Desktop/2021 Fall/Comp23 Game Design/Audition-
/Users/cai/Desktop/2021 Fall/Comp23 Game Design/Audition-
Using Asset Import Pipeline V2.
Refreshing native plugins compatible for Editor in 49.44 ms, found 3 plugins.
Preloading 0 native plugins for Editor in 0.00 ms.
Initialize engine version: 2020.3.17f1 (a4537701e4ab)
[Subsystems] Discovering subsystems at path /Applications/Unity/Hub/Editor/2020.3.17f1/Unity.app/Contents/Resources/UnitySubsystems
[Subsystems] Discovering subsystems at path /Users/cai/Desktop/2021 Fall/Comp23 Game Design/Audition-/Assets
GfxDevice: creating device client; threaded=0
2021-10-23 04:41:18.832 Unity[93967:2285705] Color LCD preferred device: Intel(R) Iris(TM) Plus Graphics 655 (low power)
2021-10-23 04:41:18.832 Unity[93967:2285705] Metal devices available: 1
2021-10-23 04:41:18.832 Unity[93967:2285705] 0: Intel(R) Iris(TM) Plus Graphics 655 (low power)
2021-10-23 04:41:18.832 Unity[93967:2285705] Using device Intel(R) Iris(TM) Plus Graphics 655 (low power)
Initializing Metal device caps: Intel(R) Iris(TM) Plus Graphics 655
Initialize mono
Mono path[0] = '/Applications/Unity/Hub/Editor/2020.3.17f1/Unity.app/Contents/Managed'
Mono path[1] = '/Applications/Unity/Hub/Editor/2020.3.17f1/Unity.app/Contents/MonoBleedingEdge/lib/mono/unityjit'
Mono config path = '/Applications/Unity/Hub/Editor/2020.3.17f1/Unity.app/Contents/MonoBleedingEdge/etc'
Using monoOptions --debugger-agent=transport=dt_socket,embedding=1,server=y,suspend=n,address=127.0.0.1:56967
Begin MonoManager ReloadAssembly
Registering precompiled unity dll's ...
Register platform support module: /Applications/Unity/Hub/Editor/2020.3.17f1/Unity.app/Contents/PlaybackEngines/MacStandaloneSupport/UnityEditor.OSXStandalone.Extensions.dll
Registered in 0.001560 seconds.
Native extension for OSXStandalone target not found
Refreshing native plugins compatible for Editor in 49.31 ms, found 3 plugins.
Preloading 0 native plugins for Editor in 0.00 ms.
Mono: successfully reloaded assembly
- Completed reload, in  3.179 seconds
Domain Reload Profiling:
	ReloadAssembly (3180ms)
		BeginReloadAssembly (45ms)
			ExecutionOrderSort (0ms)
			DisableScriptedObjects (0ms)
			BackupInstance (0ms)
			ReleaseScriptingObjects (0ms)
			CreateAndSetChildDomain (1ms)
		EndReloadAssembly (561ms)
			LoadAssemblies (45ms)
			RebuildTransferFunctionScriptingTraits (0ms)
			SetupTypeCache (205ms)
			ReleaseScriptCaches (0ms)
			RebuildScriptCaches (59ms)
			SetupLoadedEditorAssemblies (238ms)
				LogAssemblyErrors (0ms)
				InitializePlatformSupportModulesInManaged (5ms)
				SetLoadedEditorAssemblies (0ms)
				RefreshPlugins (49ms)
				BeforeProcessingInitializeOnLoad (10ms)
				ProcessInitializeOnLoadAttributes (136ms)
				ProcessInitializeOnLoadMethodAttributes (37ms)
				AfterProcessingInitializeOnLoad (0ms)
				EditorAssembliesLoaded (0ms)
			ExecutionOrderSort2 (0ms)
			AwakeInstancesAfterBackupRestoration (0ms)
Platform modules already initialized, skipping
Registering precompiled user dll's ...
Registered in 0.006457 seconds.
Begin MonoManager ReloadAssembly
Native extension for OSXStandalone target not found
Refreshing native plugins compatible for Editor in 0.79 ms, found 3 plugins.
Preloading 0 native plugins for Editor in 0.00 ms.
Mono: successfully reloaded assembly
- Completed reload, in  1.417 seconds
Domain Reload Profiling:
	ReloadAssembly (1418ms)
		BeginReloadAssembly (190ms)
			ExecutionOrderSort (0ms)
			DisableScriptedObjects (8ms)
			BackupInstance (0ms)
			ReleaseScriptingObjects (0ms)
			CreateAndSetChildDomain (43ms)
		EndReloadAssembly (1151ms)
			LoadAssemblies (118ms)
			RebuildTransferFunctionScriptingTraits (0ms)
			SetupTypeCache (371ms)
			ReleaseScriptCaches (1ms)
			RebuildScriptCaches (60ms)
			SetupLoadedEditorAssemblies (486ms)
				LogAssemblyErrors (0ms)
				InitializePlatformSupportModulesInManaged (7ms)
				SetLoadedEditorAssemblies (1ms)
				RefreshPlugins (1ms)
				BeforeProcessingInitializeOnLoad (75ms)
				ProcessInitializeOnLoadAttributes (392ms)
				ProcessInitializeOnLoadMethodAttributes (9ms)
				AfterProcessingInitializeOnLoad (1ms)
				EditorAssembliesLoaded (0ms)
			ExecutionOrderSort2 (0ms)
			AwakeInstancesAfterBackupRestoration (7ms)
Platform modules already initialized, skipping
Validating Project structure ... 0.000336 seconds.
Shader import version has changed; will reimport all shaders...
Upgrading shader files ...0.000330 seconds.
Application.AssetDatabase Initial Script Refresh Start
RefreshInfo: InitialScriptRefreshV2(NoUpdateAssetOptions) scanfilter:  ... 1 filters
RefreshProfiler: Total: 0.000ms
Application.AssetDatabase Initial Script Refresh End
Application.AssetDatabase.Refresh Start
Application.AssetDatabase.Refresh End
RefreshInfo: StopAssetImportingV2(ForceSynchronousImport) scanfilter: 
RefreshProfiler: Total: 0.000ms
Launching external process: /Applications/Unity/Hub/Editor/2020.3.17f1/Unity.app/Contents/Tools/UnityShaderCompiler
Launched and connected shader compiler UnityShaderCompiler after 0.01 seconds
Initializing Unity extensions:
========================================================================
Worker process is ready to serve import requests
Refreshing native plugins compatible for Editor in 0.51 ms, found 3 plugins.
Preloading 0 native plugins for Editor in 0.00 ms.
Unloading 2114 Unused Serialized files (Serialized files now loaded: 0)
System memory in use before: 193.1 MB.
System memory in use after: 192.3 MB.

Unloading 95 unused Assets to reduce memory usage. Loaded Objects now: 2586.
Total: 3.819464 ms (FindLiveObjects: 0.336770 ms CreateObjectMapping: 0.110019 ms MarkObjects: 2.900574 ms  DeleteObjects: 0.471125 ms)

AssetImportParameters requested are different than current active one (requested -> active):
  custom:video-decoder-ogg-theora: a1e56fd34408186e4bbccfd4996cb3dc -> 
  custom:container-muxer-webm: aa71ff27fc2769a1b78a27578f13a17b -> 
  custom:container-demuxer-webm: 4f35f7cbe854078d1ac9338744f61a02 -> 
  custom:container-demuxer-ogg: 62fdf1f143b41e24485cea50d1cbac27 -> 
  custom:video-encoder-webm-vp8: eb34c28f22e8b96e1ab97ce403110664 -> 
  custom:framework-osx-AVFoundation: e770b220cccbd017edd2c1fefb359320 -> 
  custom:video-decoder-webm-vp8: 9c59270c3fd7afecdb556c50c9e8de78 -> 
  custom:audio-decoder-ogg-vorbis: bf7c407c2cedff20999df2af8eb42d56 -> 
  custom:audio-encoder-webm-vorbis: bf7c407c2cedff20999df2af8eb42d56 -> 
========================================================================
Received Import Request.
  path: Assets/Untitled_Artwork.png
  artifactKey: Guid(f96cd5a4b050147409e55e9036fb4f38) Importer(815301076,1909f56bfc062723c751e8b465ee728b)
Start importing Assets/Untitled_Artwork.png using Guid(f96cd5a4b050147409e55e9036fb4f38) Importer(815301076,1909f56bfc062723c751e8b465ee728b)  -> (artifact id: 'b2a6612c041aea184878c6cf26db8093') in 0.992144 seconds 
  Import took 0.998365 seconds .

========================================================================
Received Import Request.
  Time since last request: 0.004534 seconds.
  path: Assets/Untitled_Artwork 1.png
  artifactKey: Guid(631ad1b455b6b473a96168706a9600bb) Importer(815301076,1909f56bfc062723c751e8b465ee728b)
Start importing Assets/Untitled_Artwork 1.png using Guid(631ad1b455b6b473a96168706a9600bb) Importer(815301076,1909f56bfc062723c751e8b465ee728b)  -> (artifact id: '53bc1195448c5b58f36063c865151446') in 0.023971 seconds 
  Import took 0.029369 seconds .

========================================================================
Received Import Request.
  Time since last request: 0.000282 seconds.
  path: Assets/Distraction_UFO.png
  artifactKey: Guid(aae880c13bd484b72ada151d146a10df) Importer(815301076,1909f56bfc062723c751e8b465ee728b)
Start importing Assets/Distraction_UFO.png using Guid(aae880c13bd484b72ada151d146a10df) Importer(815301076,1909f56bfc062723c751e8b465ee728b)  -> (artifact id: '46389ce9c2c999a6349c78a8ba41f5a9') in 0.022248 seconds 
  Import took 0.027366 seconds .

========================================================================
Received Import Request.
  Time since last request: 0.000269 seconds.
  path: Assets/Untitled_Artwork 2.png
  artifactKey: Guid(d29b7cbcdbf544c11b95b18ad0ce3f6a) Importer(815301076,1909f56bfc062723c751e8b465ee728b)
Start importing Assets/Untitled_Artwork 2.png using Guid(d29b7cbcdbf544c11b95b18ad0ce3f6a) Importer(815301076,1909f56bfc062723c751e8b465ee728b)  -> (artifact id: '86e2e6030da5a545cb246937953d3642') in 0.022958 seconds 
  Import took 0.027937 seconds .

========================================================================
Received Import Request.
  Time since last request: 0.000269 seconds.
  path: Assets/Judge_Angryface.png
  artifactKey: Guid(1e758fa0d1b784281971769c2f51ab01) Importer(815301076,1909f56bfc062723c751e8b465ee728b)
Start importing Assets/Judge_Angryface.png using Guid(1e758fa0d1b784281971769c2f51ab01) Importer(815301076,1909f56bfc062723c751e8b465ee728b)  -> (artifact id: '36542bdc401b1dae741a0a9ee9ff3a38') in 0.026931 seconds 
  Import took 0.033067 seconds .

========================================================================
Received Import Request.
  Time since last request: 0.000252 seconds.
  path: Assets/Judge_happyface.png
  artifactKey: Guid(1f4e7880d290d447a88e1cd21d9e1d79) Importer(815301076,1909f56bfc062723c751e8b465ee728b)
Start importing Assets/Judge_happyface.png using Guid(1f4e7880d290d447a88e1cd21d9e1d79) Importer(815301076,1909f56bfc062723c751e8b465ee728b)  -> (artifact id: '4d5d86ef79c48ea4d5dabf1dab2e0526') in 0.025151 seconds 
  Import took 0.030863 seconds .

========================================================================
Received Import Request.
  Time since last request: 0.000399 seconds.
  path: Assets/Untitled_Artwork 5.png
  artifactKey: Guid(52425f0424dd04397892539dafafe535) Importer(815301076,1909f56bfc062723c751e8b465ee728b)
Start importing Assets/Untitled_Artwork 5.png using Guid(52425f0424dd04397892539dafafe535) Importer(815301076,1909f56bfc062723c751e8b465ee728b)  -> (artifact id: 'adb908d4ecad86608317042f0c158af4') in 0.036487 seconds 
  Import took 0.042472 seconds .

========================================================================
Received Import Request.
  Time since last request: 0.000236 seconds.
  path: Assets/Untitled_Artwork 3.png
  artifactKey: Guid(3095b51fba4f94a75aa4d9273130b2e0) Importer(815301076,1909f56bfc062723c751e8b465ee728b)
Start importing Assets/Untitled_Artwork 3.png using Guid(3095b51fba4f94a75aa4d9273130b2e0) Importer(815301076,1909f56bfc062723c751e8b465ee728b)  -> (artifact id: '210480e7f96f93c05af8448dd9bfd38b') in 0.024497 seconds 
  Import took 0.028435 seconds .

========================================================================
Received Import Request.
  Time since last request: 0.000338 seconds.
  path: Assets/Untitled_Artwork 4.png
  artifactKey: Guid(210bafbbe61ca42cf99da65e3b671243) Importer(815301076,1909f56bfc062723c751e8b465ee728b)
Start importing Assets/Untitled_Artwork 4.png using Guid(210bafbbe61ca42cf99da65e3b671243) Importer(815301076,1909f56bfc062723c751e8b465ee728b)  -> (artifact id: '8113c092c4de495f5349ddd00aeac1d6') in 0.028035 seconds 
  Import took 0.034224 seconds .

========================================================================
Received Import Request.
  Time since last request: 0.000212 seconds.
  path: Assets/Distraction_cleaner.png
  artifactKey: Guid(65bcacaeb3ef549dd839095b2154d02a) Importer(815301076,1909f56bfc062723c751e8b465ee728b)
Start importing Assets/Distraction_cleaner.png using Guid(65bcacaeb3ef549dd839095b2154d02a) Importer(815301076,1909f56bfc062723c751e8b465ee728b)  -> (artifact id: 'b49c52464e22d1f90a7ba735cb14617b') in 0.023252 seconds 
  Import took 0.028301 seconds .

